c:\users\мария\desktop\ccc\lab_class_8\x64\debug\vc143.pdb
c:\users\мария\desktop\ccc\lab_class_8\x64\debug\vc143.idb
c:\users\мария\desktop\ccc\lab_class_8\x64\debug\tree.obj
c:\users\мария\desktop\ccc\lab_class_8\x64\debug\print.obj
c:\users\мария\desktop\ccc\lab_class_8\x64\debug\magazin.obj
c:\users\мария\desktop\ccc\lab_class_8\x64\debug\lab_class_8.obj
c:\users\мария\desktop\ccc\lab_class_8\x64\debug\event.obj
c:\users\мария\desktop\ccc\lab_class_8\x64\debug\dialog.obj
c:\users\мария\desktop\ccc\lab_class_8\x64\debug\object.obj
c:\users\мария\desktop\ccc\lab_class_8\x64\debug\vector.obj
c:\users\мария\desktop\ccc\lab_class_8\x64\debug\lab_class_8.exe
c:\users\мария\desktop\ccc\lab_class_8\x64\debug\lab_class_8.ilk
c:\users\мария\desktop\ccc\lab_class_8\x64\debug\lab_class_8.pdb
c:\users\мария\desktop\ccc\lab_class_8\x64\debug\lab_class_8.obj.enc
c:\users\мария\desktop\ccc\lab_class_8\x64\debug\magazin.obj.enc
c:\users\мария\desktop\ccc\lab_class_8\x64\debug\tree.obj.enc
c:\users\мария\desktop\ccc\lab_class_8\x64\debug\lab_class_8.tlog\cl.command.1.tlog
c:\users\мария\desktop\ccc\lab_class_8\x64\debug\lab_class_8.tlog\cl.read.1.tlog
c:\users\мария\desktop\ccc\lab_class_8\x64\debug\lab_class_8.tlog\cl.write.1.tlog
c:\users\мария\desktop\ccc\lab_class_8\x64\debug\lab_class_8.tlog\link.command.1.tlog
c:\users\мария\desktop\ccc\lab_class_8\x64\debug\lab_class_8.tlog\link.read.1.tlog
c:\users\мария\desktop\ccc\lab_class_8\x64\debug\lab_class_8.tlog\link.write.1.tlog
